<?xml version="1.0" encoding="UTF-8"?>
<!-- Generated by org.testng.reporters.JUnitXMLReporter -->
<testsuite hostname="DEEPANSHU26" ignored="0" name="Command line test" tests="14" failures="0" timestamp="20 Nov 2019 20:55:09 GMT" time="1452.653" errors="0">
  <testcase name="@BeforeMethod initialisation" time="609.974" classname="com.CRM.testcase.HomePageTest">
    <failure type="org.openqa.selenium.TimeoutException" message="timeout: Timed out receiving message from renderer: 600.000
  (Session info: chrome=78.0.3904.97)
  (Driver info: chromedriver=2.44.609538 (b655c5a60b0b544917107a59d4153d4bf78e1b90),platform=Windows NT 10.0.18956 x86_64) (WARNING: The server did not provide any stacktrace information)
Command duration or timeout: 0 milliseconds
Build info: version: &amp;apos;3.141.59&amp;apos;, revision: &amp;apos;e82be7d358&amp;apos;, time: &amp;apos;2018-11-14T08:17:03&amp;apos;
System info: host: &amp;apos;DEEPANSHU26&amp;apos;, ip: &amp;apos;172.22.0.1&amp;apos;, os.name: &amp;apos;Windows 10&amp;apos;, os.arch: &amp;apos;amd64&amp;apos;, os.version: &amp;apos;10.0&amp;apos;, java.version: &amp;apos;1.8.0_181&amp;apos;
Driver info: org.openqa.selenium.chrome.ChromeDriver
Capabilities {acceptInsecureCerts: false, acceptSslCerts: false, applicationCacheEnabled: false, browserConnectionEnabled: false, browserName: chrome, chrome: {chromedriverVersion: 2.44.609538 (b655c5a60b0b54..., userDataDir: C:\WINDOWS\TEMP\scoped_dir2...}, cssSelectorsEnabled: true, databaseEnabled: false, goog:chromeOptions: {debuggerAddress: localhost:55247}, handlesAlerts: true, hasTouchScreen: false, javascriptEnabled: true, locationContextEnabled: true, mobileEmulationEnabled: false, nativeEvents: true, networkConnectionEnabled: false, pageLoadStrategy: normal, platform: XP, platformName: XP, rotatable: false, setWindowRect: true, takesHeapSnapshot: true, takesScreenshot: true, unexpectedAlertBehaviour: ignore, unhandledPromptBehavior: ignore, version: 78.0.3904.97, webStorageEnabled: true}
Session ID: 1d946306aac87402bf8977c078cc8a52">
      <![CDATA[org.openqa.selenium.TimeoutException: timeout: Timed out receiving message from renderer: 600.000
  (Session info: chrome=78.0.3904.97)
  (Driver info: chromedriver=2.44.609538 (b655c5a60b0b544917107a59d4153d4bf78e1b90),platform=Windows NT 10.0.18956 x86_64) (WARNING: The server did not provide any stacktrace information)
Command duration or timeout: 0 milliseconds
Build info: version: '3.141.59', revision: 'e82be7d358', time: '2018-11-14T08:17:03'
System info: host: 'DEEPANSHU26', ip: '172.22.0.1', os.name: 'Windows 10', os.arch: 'amd64', os.version: '10.0', java.version: '1.8.0_181'
Driver info: org.openqa.selenium.chrome.ChromeDriver
Capabilities {acceptInsecureCerts: false, acceptSslCerts: false, applicationCacheEnabled: false, browserConnectionEnabled: false, browserName: chrome, chrome: {chromedriverVersion: 2.44.609538 (b655c5a60b0b54..., userDataDir: C:\WINDOWS\TEMP\scoped_dir2...}, cssSelectorsEnabled: true, databaseEnabled: false, goog:chromeOptions: {debuggerAddress: localhost:55247}, handlesAlerts: true, hasTouchScreen: false, javascriptEnabled: true, locationContextEnabled: true, mobileEmulationEnabled: false, nativeEvents: true, networkConnectionEnabled: false, pageLoadStrategy: normal, platform: XP, platformName: XP, rotatable: false, setWindowRect: true, takesHeapSnapshot: true, takesScreenshot: true, unexpectedAlertBehaviour: ignore, unhandledPromptBehavior: ignore, version: 78.0.3904.97, webStorageEnabled: true}
Session ID: 1d946306aac87402bf8977c078cc8a52
at org.openqa.selenium.remote.ErrorHandler.createThrowable(ErrorHandler.java:214)
at org.openqa.selenium.remote.ErrorHandler.throwIfResponseFailed(ErrorHandler.java:166)
at org.openqa.selenium.remote.http.JsonHttpResponseCodec.reconstructValue(JsonHttpResponseCodec.java:40)
at org.openqa.selenium.remote.http.AbstractHttpResponseCodec.decode(AbstractHttpResponseCodec.java:80)
at org.openqa.selenium.remote.http.AbstractHttpResponseCodec.decode(AbstractHttpResponseCodec.java:44)
at org.openqa.selenium.remote.HttpCommandExecutor.execute(HttpCommandExecutor.java:158)
at org.openqa.selenium.remote.service.DriverCommandExecutor.execute(DriverCommandExecutor.java:83)
at org.openqa.selenium.remote.RemoteWebDriver.execute(RemoteWebDriver.java:552)
at org.openqa.selenium.remote.RemoteWebDriver.execute(RemoteWebDriver.java:609)
at org.openqa.selenium.remote.RemoteWebDriver$RemoteWebDriverOptions$RemoteWindow.maximize(RemoteWebDriver.java:837)
at org.openqa.selenium.support.events.EventFiringWebDriver$EventFiringWindow.maximize(EventFiringWebDriver.java:769)
at com.CRM.BaseClass.BaseClass.launch_Browser(BaseClass.java:56)
at com.CRM.testcase.HomePageTest.initialisation(HomePageTest.java:21)
... Removed 42 stack frames]]>
    </failure>
  </testcase> <!-- @BeforeMethod initialisation -->
  <testcase name="@AfterMethod terminate" time="0.0" classname="com.CRM.testcase.HomePageTest">
    <skipped/>
  </testcase> <!-- @AfterMethod terminate -->
  <testcase name="@BeforeMethod initialisation" time="0.0" classname="com.CRM.testcase.HomePageTest">
    <skipped/>
  </testcase> <!-- @BeforeMethod initialisation -->
  <testcase name="@AfterMethod terminate" time="0.0" classname="com.CRM.testcase.HomePageTest">
    <skipped/>
  </testcase> <!-- @AfterMethod terminate -->
  <testcase name="@BeforeMethod initialize" time="610.162" classname="com.CRM.testcase.ContactPageTest">
    <failure type="org.openqa.selenium.TimeoutException" message="timeout: Timed out receiving message from renderer: 600.000
  (Session info: chrome=78.0.3904.97)
  (Driver info: chromedriver=2.44.609538 (b655c5a60b0b544917107a59d4153d4bf78e1b90),platform=Windows NT 10.0.18956 x86_64) (WARNING: The server did not provide any stacktrace information)
Command duration or timeout: 0 milliseconds
Build info: version: &amp;apos;3.141.59&amp;apos;, revision: &amp;apos;e82be7d358&amp;apos;, time: &amp;apos;2018-11-14T08:17:03&amp;apos;
System info: host: &amp;apos;DEEPANSHU26&amp;apos;, ip: &amp;apos;172.22.0.1&amp;apos;, os.name: &amp;apos;Windows 10&amp;apos;, os.arch: &amp;apos;amd64&amp;apos;, os.version: &amp;apos;10.0&amp;apos;, java.version: &amp;apos;1.8.0_181&amp;apos;
Driver info: org.openqa.selenium.chrome.ChromeDriver
Capabilities {acceptInsecureCerts: false, acceptSslCerts: false, applicationCacheEnabled: false, browserConnectionEnabled: false, browserName: chrome, chrome: {chromedriverVersion: 2.44.609538 (b655c5a60b0b54..., userDataDir: C:\WINDOWS\TEMP\scoped_dir4...}, cssSelectorsEnabled: true, databaseEnabled: false, goog:chromeOptions: {debuggerAddress: localhost:55697}, handlesAlerts: true, hasTouchScreen: false, javascriptEnabled: true, locationContextEnabled: true, mobileEmulationEnabled: false, nativeEvents: true, networkConnectionEnabled: false, pageLoadStrategy: normal, platform: XP, platformName: XP, rotatable: false, setWindowRect: true, takesHeapSnapshot: true, takesScreenshot: true, unexpectedAlertBehaviour: ignore, unhandledPromptBehavior: ignore, version: 78.0.3904.97, webStorageEnabled: true}
Session ID: ba122eb1a324c0d27f85581809544051">
      <![CDATA[org.openqa.selenium.TimeoutException: timeout: Timed out receiving message from renderer: 600.000
  (Session info: chrome=78.0.3904.97)
  (Driver info: chromedriver=2.44.609538 (b655c5a60b0b544917107a59d4153d4bf78e1b90),platform=Windows NT 10.0.18956 x86_64) (WARNING: The server did not provide any stacktrace information)
Command duration or timeout: 0 milliseconds
Build info: version: '3.141.59', revision: 'e82be7d358', time: '2018-11-14T08:17:03'
System info: host: 'DEEPANSHU26', ip: '172.22.0.1', os.name: 'Windows 10', os.arch: 'amd64', os.version: '10.0', java.version: '1.8.0_181'
Driver info: org.openqa.selenium.chrome.ChromeDriver
Capabilities {acceptInsecureCerts: false, acceptSslCerts: false, applicationCacheEnabled: false, browserConnectionEnabled: false, browserName: chrome, chrome: {chromedriverVersion: 2.44.609538 (b655c5a60b0b54..., userDataDir: C:\WINDOWS\TEMP\scoped_dir4...}, cssSelectorsEnabled: true, databaseEnabled: false, goog:chromeOptions: {debuggerAddress: localhost:55697}, handlesAlerts: true, hasTouchScreen: false, javascriptEnabled: true, locationContextEnabled: true, mobileEmulationEnabled: false, nativeEvents: true, networkConnectionEnabled: false, pageLoadStrategy: normal, platform: XP, platformName: XP, rotatable: false, setWindowRect: true, takesHeapSnapshot: true, takesScreenshot: true, unexpectedAlertBehaviour: ignore, unhandledPromptBehavior: ignore, version: 78.0.3904.97, webStorageEnabled: true}
Session ID: ba122eb1a324c0d27f85581809544051
at org.openqa.selenium.remote.ErrorHandler.createThrowable(ErrorHandler.java:214)
at org.openqa.selenium.remote.ErrorHandler.throwIfResponseFailed(ErrorHandler.java:166)
at org.openqa.selenium.remote.http.JsonHttpResponseCodec.reconstructValue(JsonHttpResponseCodec.java:40)
at org.openqa.selenium.remote.http.AbstractHttpResponseCodec.decode(AbstractHttpResponseCodec.java:80)
at org.openqa.selenium.remote.http.AbstractHttpResponseCodec.decode(AbstractHttpResponseCodec.java:44)
at org.openqa.selenium.remote.HttpCommandExecutor.execute(HttpCommandExecutor.java:158)
at org.openqa.selenium.remote.service.DriverCommandExecutor.execute(DriverCommandExecutor.java:83)
at org.openqa.selenium.remote.RemoteWebDriver.execute(RemoteWebDriver.java:552)
at org.openqa.selenium.remote.RemoteWebDriver.execute(RemoteWebDriver.java:609)
at org.openqa.selenium.remote.RemoteWebDriver$RemoteWebDriverOptions$RemoteWindow.maximize(RemoteWebDriver.java:837)
at org.openqa.selenium.support.events.EventFiringWebDriver$EventFiringWindow.maximize(EventFiringWebDriver.java:769)
at com.CRM.BaseClass.BaseClass.launch_Browser(BaseClass.java:56)
at com.CRM.testcase.ContactPageTest.initialize(ContactPageTest.java:24)
... Removed 42 stack frames]]>
    </failure>
  </testcase> <!-- @BeforeMethod initialize -->
  <testcase name="@AfterMethod terminate" time="0.0" classname="com.CRM.testcase.ContactPageTest">
    <skipped/>
  </testcase> <!-- @AfterMethod terminate -->
  <testcase name="@BeforeMethod initialize" time="0.0" classname="com.CRM.testcase.ContactPageTest">
    <skipped/>
  </testcase> <!-- @BeforeMethod initialize -->
  <testcase name="@AfterMethod terminate" time="0.0" classname="com.CRM.testcase.ContactPageTest">
    <skipped/>
  </testcase> <!-- @AfterMethod terminate -->
  <testcase name="@BeforeMethod initialisation" time="0.0" classname="com.CRM.testcase.HomePageTest">
    <skipped/>
  </testcase> <!-- @BeforeMethod initialisation -->
  <testcase name="@AfterMethod terminate" time="0.0" classname="com.CRM.testcase.HomePageTest">
    <skipped/>
  </testcase> <!-- @AfterMethod terminate -->
  <testcase name="@BeforeMethod initialize" time="0.0" classname="com.CRM.testcase.ContactPageTest">
    <skipped/>
  </testcase> <!-- @BeforeMethod initialize -->
  <testcase name="@AfterMethod terminate" time="0.0" classname="com.CRM.testcase.ContactPageTest">
    <skipped/>
  </testcase> <!-- @AfterMethod terminate -->
  <testcase name="@BeforeMethod initialize" time="0.0" classname="com.CRM.testcase.ContactPageTest">
    <skipped/>
  </testcase> <!-- @BeforeMethod initialize -->
  <testcase name="@AfterMethod terminate" time="0.0" classname="com.CRM.testcase.ContactPageTest">
    <skipped/>
  </testcase> <!-- @AfterMethod terminate -->
  <testcase name="@BeforeMethod initialize" time="0.0" classname="com.CRM.testcase.ContactPageTest">
    <skipped/>
  </testcase> <!-- @BeforeMethod initialize -->
  <testcase name="@AfterMethod terminate" time="0.0" classname="com.CRM.testcase.ContactPageTest">
    <skipped/>
  </testcase> <!-- @AfterMethod terminate -->
  <testcase name="@BeforeMethod initialize" time="0.0" classname="com.CRM.testcase.ContactPageTest">
    <skipped/>
  </testcase> <!-- @BeforeMethod initialize -->
  <testcase name="@AfterMethod terminate" time="0.0" classname="com.CRM.testcase.ContactPageTest">
    <skipped/>
  </testcase> <!-- @AfterMethod terminate -->
  <testcase name="verfiyTitle" time="0.028" classname="com.CRM.testcase.ContactPageTest"/>
  <testcase name="verifyUserNameTest" time="0.0" classname="com.CRM.testcase.HomePageTest">
    <skipped/>
  </testcase> <!-- verifyUserNameTest -->
  <testcase name="loginPage_titleTest" time="0.008" classname="com.CRM.testcase.LoginPageTest"/>
  <testcase name="navigateToContactPage" time="0.0" classname="com.CRM.testcase.HomePageTest">
    <skipped/>
  </testcase> <!-- navigateToContactPage -->
  <testcase name="addContactTest" time="41.357" classname="com.CRM.testcase.ContactPageTest"/>
  <testcase name="addContactTest" time="22.868" classname="com.CRM.testcase.ContactPageTest"/>
  <testcase name="addContactTest" time="0.0" classname="com.CRM.testcase.ContactPageTest">
    <skipped/>
  </testcase> <!-- addContactTest -->
  <testcase name="addContactTest" time="0.0" classname="com.CRM.testcase.ContactPageTest">
    <skipped/>
  </testcase> <!-- addContactTest -->
  <testcase name="logintest" time="1.257" classname="com.CRM.testcase.LoginPageTest"/>
  <testcase name="verfifyHomePageTest" time="0.0" classname="com.CRM.testcase.HomePageTest">
    <skipped/>
  </testcase> <!-- verfifyHomePageTest -->
  <testcase name="deleteContactTest" time="0.0" classname="com.CRM.testcase.ContactPageTest">
    <skipped/>
  </testcase> <!-- deleteContactTest -->
  <testcase name="deleteContactTest" time="0.0" classname="com.CRM.testcase.ContactPageTest">
    <skipped/>
  </testcase> <!-- deleteContactTest -->
  <testcase name="deleteContactTest" time="0.0" classname="com.CRM.testcase.ContactPageTest">
    <skipped/>
  </testcase> <!-- deleteContactTest -->
  <testcase name="deleteContactTest" time="0.0" classname="com.CRM.testcase.ContactPageTest">
    <skipped/>
  </testcase> <!-- deleteContactTest -->
</testsuite> <!-- Command line test -->
